2020-01-29 10:00:14.940 [TestNG-PoolService-3] INFO  TestsRunner - START Remove employee
2020-01-29 10:00:14.940 [TestNG-PoolService-2] INFO  TestsRunner - START Create employee
2020-01-29 10:00:14.940 [TestNG-PoolService-0] INFO  TestsRunner - START Get employees by specific id
2020-01-29 10:00:14.940 [TestNG-PoolService-1] INFO  TestsRunner - START Get employees by specific id
2020-01-29 10:00:17.848 [TestNG-PoolService-3] INFO  TestsRunner - PASS  Remove employee
2020-01-29 10:00:18.308 [TestNG-PoolService-1] INFO  TestsRunner - PASS  Get employees by specific id
2020-01-29 10:00:18.311 [TestNG-PoolService-0] INFO  TestsRunner - PASS  Get employees by specific id
2020-01-29 10:00:18.633 [TestNG-PoolService-2] ERROR TestsRunner - FAIL  Create employee
2020-01-29 10:01:01.785 [TestNG-PoolService-1] INFO  TestsRunner - START Get employees by specific id
2020-01-29 10:01:01.785 [TestNG-PoolService-0] INFO  TestsRunner - START Get employees by specific id
2020-01-29 10:01:04.673 [TestNG-PoolService-0] INFO  TestsRunner - PASS  Get employees by specific id
2020-01-29 10:01:04.673 [TestNG-PoolService-1] INFO  TestsRunner - PASS  Get employees by specific id
2020-01-29 12:25:11.008 [TestNG-PoolService-1] INFO  TestsRunner - START Get employees by specific id
2020-01-29 12:25:11.008 [TestNG-PoolService-0] INFO  TestsRunner - START Get employees by specific id
2020-01-29 12:25:14.244 [TestNG-PoolService-1] INFO  TestsRunner - PASS  Get employees by specific id
2020-01-29 12:25:14.244 [TestNG-PoolService-0] INFO  TestsRunner - PASS  Get employees by specific id
2020-01-30 08:46:14.296 [TestNG-PoolService-1] INFO  TestsRunner - START Get employees by specific id
2020-01-30 08:46:14.296 [TestNG-PoolService-0] INFO  TestsRunner - START Get employees by specific id
2020-01-30 08:46:17.331 [TestNG-PoolService-1] INFO  TestsRunner - PASS  Get employees by specific id
2020-01-30 08:46:17.331 [TestNG-PoolService-0] INFO  TestsRunner - PASS  Get employees by specific id
2020-01-30 08:49:24.726 [TestNG-PoolService-1] INFO  TestsRunner - START Get employees by specific id
2020-01-30 08:49:24.726 [TestNG-PoolService-0] INFO  TestsRunner - START Get employees by specific id
2020-01-30 08:49:27.766 [TestNG-PoolService-0] INFO  TestsRunner - PASS  Get employees by specific id
2020-01-30 08:49:27.766 [TestNG-PoolService-1] INFO  TestsRunner - PASS  Get employees by specific id
2020-01-30 09:10:38.296 [TestNG-PoolService-1] INFO  TestsRunner - START Get employees by specific id
2020-01-30 09:10:38.296 [TestNG-PoolService-0] INFO  TestsRunner - START Get employees by specific id
2020-01-30 09:10:41.623 [TestNG-PoolService-1] INFO  TestsRunner - PASS  Get employees by specific id
2020-01-30 09:10:41.623 [TestNG-PoolService-0] INFO  TestsRunner - PASS  Get employees by specific id
2020-01-30 09:13:38.254 [TestNG-PoolService-1] INFO  TestsRunner - START Get employees by specific id
2020-01-30 09:13:38.254 [TestNG-PoolService-0] INFO  TestsRunner - START Get employees by specific id
2020-01-30 09:13:41.421 [TestNG-PoolService-0] INFO  TestsRunner - PASS  Get employees by specific id
2020-01-30 09:13:41.421 [TestNG-PoolService-1] INFO  TestsRunner - PASS  Get employees by specific id
2020-01-30 09:23:23.870 [TestNG-PoolService-0] INFO  TestsRunner - START Get employees by specific id
2020-01-30 09:23:23.870 [TestNG-PoolService-1] INFO  TestsRunner - START Get employees by specific id
2020-01-30 09:23:26.991 [TestNG-PoolService-0] INFO  TestsRunner - PASS  Get employees by specific id
2020-01-30 09:23:26.992 [TestNG-PoolService-1] INFO  TestsRunner - PASS  Get employees by specific id
2020-01-30 09:26:37.183 [TestNG-PoolService-0] INFO  TestsRunner - START Get employees by specific id
2020-01-30 09:26:37.183 [TestNG-PoolService-1] INFO  TestsRunner - START Get employees by specific id
2020-01-30 09:26:40.277 [TestNG-PoolService-1] INFO  TestsRunner - PASS  Get employees by specific id
2020-01-30 09:26:40.277 [TestNG-PoolService-0] INFO  TestsRunner - PASS  Get employees by specific id
2020-01-30 09:27:15.626 [TestNG-PoolService-1] INFO  TestsRunner - START Get employees by specific id
2020-01-30 09:27:15.626 [TestNG-PoolService-0] INFO  TestsRunner - START Get employees by specific id
2020-01-30 09:27:18.746 [TestNG-PoolService-1] INFO  TestsRunner - PASS  Get employees by specific id
2020-01-30 09:27:18.747 [TestNG-PoolService-0] INFO  TestsRunner - PASS  Get employees by specific id
2020-02-05 14:02:03.615 [TestNG-PoolService-0] INFO  TestsRunner - START Get employees by specific id
2020-02-05 14:02:03.615 [TestNG-PoolService-1] INFO  TestsRunner - START Get employees by specific id
2020-02-05 14:02:07.387 [TestNG-PoolService-1] INFO  TestsRunner - PASS  Get employees by specific id
2020-02-05 14:02:07.387 [TestNG-PoolService-0] INFO  TestsRunner - PASS  Get employees by specific id
